2020-07-29 22:04:47 - Starting FlightreservationApplication on ANTON-PC with PID 6236 (D:\CODE\Learning Repository\Java\Workspace\flightreservation\target\classes started by anton in D:\CODE\Learning Repository\Java\Workspace\flightreservation)
2020-07-29 22:04:47 - No active profile set, falling back to default profiles: default
2020-07-29 22:04:52 - Bootstrapping Spring Data JPA repositories in DEFAULT mode.
2020-07-29 22:04:53 - Finished Spring Data repository scanning in 384ms. Found 5 JPA repository interfaces.
2020-07-29 22:04:58 - Tomcat initialized with port(s): 8080 (http)
2020-07-29 22:04:58 - Initializing ProtocolHandler ["http-nio-8080"]
2020-07-29 22:04:58 - Starting service [Tomcat]
2020-07-29 22:04:58 - Starting Servlet engine: [Apache Tomcat/9.0.33]
2020-07-29 22:05:00 - At least one JAR was scanned for TLDs yet contained no TLDs. Enable debug logging for this logger for a complete list of JARs that were scanned but no TLDs were found in them. Skipping unneeded JARs during scanning can improve startup time and JSP compilation time.
2020-07-29 22:05:00 - Initializing Spring embedded WebApplicationContext
2020-07-29 22:05:00 - Root WebApplicationContext: initialization completed in 11901 ms
2020-07-29 22:05:01 - HikariPool-1 - Starting...
2020-07-29 22:05:02 - HikariPool-1 - Start completed.
2020-07-29 22:05:02 - HHH000204: Processing PersistenceUnitInfo [name: default]
2020-07-29 22:05:02 - HHH000412: Hibernate ORM core version 5.4.12.Final
2020-07-29 22:05:03 - HCANN000001: Hibernate Commons Annotations {5.1.0.Final}
2020-07-29 22:05:03 - HHH000400: Using dialect: org.hibernate.dialect.MySQL55Dialect
2020-07-29 22:05:07 - HHH000490: Using JtaPlatform implementation: [org.hibernate.engine.transaction.jta.platform.internal.NoJtaPlatform]
2020-07-29 22:05:07 - Initialized JPA EntityManagerFactory for persistence unit 'default'
2020-07-29 22:05:10 - Exception encountered during context initialization - cancelling refresh attempt: org.springframework.beans.factory.UnsatisfiedDependencyException: Error creating bean with name 'userController': Unsatisfied dependency expressed through field 'securityService'; nested exception is org.springframework.beans.factory.UnsatisfiedDependencyException: Error creating bean with name 'securityServiceImpl': Unsatisfied dependency expressed through field 'authenticationManager'; nested exception is org.springframework.beans.factory.NoSuchBeanDefinitionException: No qualifying bean of type 'org.springframework.security.authentication.AuthenticationManager' available: expected at least 1 bean which qualifies as autowire candidate. Dependency annotations: {@org.springframework.beans.factory.annotation.Autowired(required=true)}
2020-07-29 22:05:10 - Closing JPA EntityManagerFactory for persistence unit 'default'
2020-07-29 22:05:10 - HikariPool-1 - Shutdown initiated...
2020-07-29 22:05:10 - HikariPool-1 - Shutdown completed.
2020-07-29 22:05:10 - Stopping service [Tomcat]
2020-07-29 22:05:10 - 

Error starting ApplicationContext. To display the conditions report re-run your application with 'debug' enabled.
2020-07-29 22:05:10 - 

***************************
APPLICATION FAILED TO START
***************************

Description:

Field authenticationManager in com.antonprio.flightreservation.services.SecurityServiceImpl required a bean of type 'org.springframework.security.authentication.AuthenticationManager' that could not be found.

The injection point has the following annotations:
	- @org.springframework.beans.factory.annotation.Autowired(required=true)


Action:

Consider defining a bean of type 'org.springframework.security.authentication.AuthenticationManager' in your configuration.

2020-07-29 22:05:34 - Starting FlightreservationApplication on ANTON-PC with PID 14380 (D:\CODE\Learning Repository\Java\Workspace\flightreservation\target\classes started by anton in D:\CODE\Learning Repository\Java\Workspace\flightreservation)
2020-07-29 22:05:34 - No active profile set, falling back to default profiles: default
2020-07-29 22:05:37 - Bootstrapping Spring Data JPA repositories in DEFAULT mode.
2020-07-29 22:05:38 - Finished Spring Data repository scanning in 344ms. Found 5 JPA repository interfaces.
2020-07-29 22:05:44 - Tomcat initialized with port(s): 8080 (http)
2020-07-29 22:05:44 - Initializing ProtocolHandler ["http-nio-8080"]
2020-07-29 22:05:44 - Starting service [Tomcat]
2020-07-29 22:05:44 - Starting Servlet engine: [Apache Tomcat/9.0.33]
2020-07-29 22:05:45 - At least one JAR was scanned for TLDs yet contained no TLDs. Enable debug logging for this logger for a complete list of JARs that were scanned but no TLDs were found in them. Skipping unneeded JARs during scanning can improve startup time and JSP compilation time.
2020-07-29 22:05:45 - Initializing Spring embedded WebApplicationContext
2020-07-29 22:05:45 - Root WebApplicationContext: initialization completed in 9960 ms
2020-07-29 22:05:45 - HikariPool-1 - Starting...
2020-07-29 22:05:46 - HikariPool-1 - Start completed.
2020-07-29 22:05:46 - HHH000204: Processing PersistenceUnitInfo [name: default]
2020-07-29 22:05:46 - HHH000412: Hibernate ORM core version 5.4.12.Final
2020-07-29 22:05:46 - HCANN000001: Hibernate Commons Annotations {5.1.0.Final}
2020-07-29 22:05:46 - HHH000400: Using dialect: org.hibernate.dialect.MySQL55Dialect
2020-07-29 22:05:48 - HHH000490: Using JtaPlatform implementation: [org.hibernate.engine.transaction.jta.platform.internal.NoJtaPlatform]
2020-07-29 22:05:48 - Initialized JPA EntityManagerFactory for persistence unit 'default'
2020-07-29 22:05:50 - Exception encountered during context initialization - cancelling refresh attempt: org.springframework.beans.factory.UnsatisfiedDependencyException: Error creating bean with name 'userController': Unsatisfied dependency expressed through field 'securityService'; nested exception is org.springframework.beans.factory.UnsatisfiedDependencyException: Error creating bean with name 'securityServiceImpl': Unsatisfied dependency expressed through field 'authenticationManager'; nested exception is org.springframework.beans.factory.NoSuchBeanDefinitionException: No qualifying bean of type 'org.springframework.security.authentication.AuthenticationManager' available: expected at least 1 bean which qualifies as autowire candidate. Dependency annotations: {@org.springframework.beans.factory.annotation.Autowired(required=true)}
2020-07-29 22:05:50 - Closing JPA EntityManagerFactory for persistence unit 'default'
2020-07-29 22:05:50 - HikariPool-1 - Shutdown initiated...
2020-07-29 22:05:50 - HikariPool-1 - Shutdown completed.
2020-07-29 22:05:50 - Stopping service [Tomcat]
2020-07-29 22:05:51 - 

Error starting ApplicationContext. To display the conditions report re-run your application with 'debug' enabled.
2020-07-29 22:05:51 - 

***************************
APPLICATION FAILED TO START
***************************

Description:

Field authenticationManager in com.antonprio.flightreservation.services.SecurityServiceImpl required a bean of type 'org.springframework.security.authentication.AuthenticationManager' that could not be found.

The injection point has the following annotations:
	- @org.springframework.beans.factory.annotation.Autowired(required=true)


Action:

Consider defining a bean of type 'org.springframework.security.authentication.AuthenticationManager' in your configuration.

2020-07-29 22:08:55 - Starting FlightreservationApplication on ANTON-PC with PID 9908 (D:\CODE\Learning Repository\Java\Workspace\flightreservation\target\classes started by anton in D:\CODE\Learning Repository\Java\Workspace\flightreservation)
2020-07-29 22:08:55 - No active profile set, falling back to default profiles: default
2020-07-29 22:08:58 - Bootstrapping Spring Data JPA repositories in DEFAULT mode.
2020-07-29 22:08:58 - Finished Spring Data repository scanning in 394ms. Found 5 JPA repository interfaces.
2020-07-29 22:09:05 - Tomcat initialized with port(s): 8080 (http)
2020-07-29 22:09:05 - Initializing ProtocolHandler ["http-nio-8080"]
2020-07-29 22:09:05 - Starting service [Tomcat]
2020-07-29 22:09:05 - Starting Servlet engine: [Apache Tomcat/9.0.33]
2020-07-29 22:09:06 - At least one JAR was scanned for TLDs yet contained no TLDs. Enable debug logging for this logger for a complete list of JARs that were scanned but no TLDs were found in them. Skipping unneeded JARs during scanning can improve startup time and JSP compilation time.
2020-07-29 22:09:06 - Initializing Spring embedded WebApplicationContext
2020-07-29 22:09:06 - Root WebApplicationContext: initialization completed in 10441 ms
2020-07-29 22:09:06 - HikariPool-1 - Starting...
2020-07-29 22:09:06 - HikariPool-1 - Start completed.
2020-07-29 22:09:07 - HHH000204: Processing PersistenceUnitInfo [name: default]
2020-07-29 22:09:07 - HHH000412: Hibernate ORM core version 5.4.12.Final
2020-07-29 22:09:07 - HCANN000001: Hibernate Commons Annotations {5.1.0.Final}
2020-07-29 22:09:07 - HHH000400: Using dialect: org.hibernate.dialect.MySQL55Dialect
2020-07-29 22:09:09 - HHH000490: Using JtaPlatform implementation: [org.hibernate.engine.transaction.jta.platform.internal.NoJtaPlatform]
2020-07-29 22:09:09 - Initialized JPA EntityManagerFactory for persistence unit 'default'
2020-07-29 22:09:10 - Exception encountered during context initialization - cancelling refresh attempt: org.springframework.beans.factory.UnsatisfiedDependencyException: Error creating bean with name 'userController': Unsatisfied dependency expressed through field 'securityService'; nested exception is org.springframework.beans.factory.UnsatisfiedDependencyException: Error creating bean with name 'securityServiceImpl': Unsatisfied dependency expressed through field 'authenticationManager'; nested exception is org.springframework.beans.factory.NoSuchBeanDefinitionException: No qualifying bean of type 'org.springframework.security.authentication.AuthenticationManager' available: expected at least 1 bean which qualifies as autowire candidate. Dependency annotations: {@org.springframework.beans.factory.annotation.Autowired(required=true)}
2020-07-29 22:09:10 - Closing JPA EntityManagerFactory for persistence unit 'default'
2020-07-29 22:09:10 - HikariPool-1 - Shutdown initiated...
2020-07-29 22:09:10 - HikariPool-1 - Shutdown completed.
2020-07-29 22:09:10 - Stopping service [Tomcat]
2020-07-29 22:09:10 - 

Error starting ApplicationContext. To display the conditions report re-run your application with 'debug' enabled.
2020-07-29 22:09:10 - 

***************************
APPLICATION FAILED TO START
***************************

Description:

Field authenticationManager in com.antonprio.flightreservation.services.SecurityServiceImpl required a bean of type 'org.springframework.security.authentication.AuthenticationManager' that could not be found.

The injection point has the following annotations:
	- @org.springframework.beans.factory.annotation.Autowired(required=true)


Action:

Consider defining a bean of type 'org.springframework.security.authentication.AuthenticationManager' in your configuration.

2020-07-29 22:13:12 - Starting FlightreservationApplication on ANTON-PC with PID 17056 (D:\CODE\Learning Repository\Java\Workspace\flightreservation\target\classes started by anton in D:\CODE\Learning Repository\Java\Workspace\flightreservation)
2020-07-29 22:13:12 - No active profile set, falling back to default profiles: default
2020-07-29 22:13:15 - Bootstrapping Spring Data JPA repositories in DEFAULT mode.
2020-07-29 22:13:15 - Finished Spring Data repository scanning in 243ms. Found 5 JPA repository interfaces.
2020-07-29 22:13:21 - Tomcat initialized with port(s): 8080 (http)
2020-07-29 22:13:21 - Initializing ProtocolHandler ["http-nio-8080"]
2020-07-29 22:13:21 - Starting service [Tomcat]
2020-07-29 22:13:21 - Starting Servlet engine: [Apache Tomcat/9.0.33]
2020-07-29 22:13:22 - At least one JAR was scanned for TLDs yet contained no TLDs. Enable debug logging for this logger for a complete list of JARs that were scanned but no TLDs were found in them. Skipping unneeded JARs during scanning can improve startup time and JSP compilation time.
2020-07-29 22:13:22 - Initializing Spring embedded WebApplicationContext
2020-07-29 22:13:22 - Root WebApplicationContext: initialization completed in 8903 ms
2020-07-29 22:13:22 - HikariPool-1 - Starting...
2020-07-29 22:13:23 - HikariPool-1 - Start completed.
2020-07-29 22:13:23 - HHH000204: Processing PersistenceUnitInfo [name: default]
2020-07-29 22:13:23 - HHH000412: Hibernate ORM core version 5.4.12.Final
2020-07-29 22:13:23 - HCANN000001: Hibernate Commons Annotations {5.1.0.Final}
2020-07-29 22:13:24 - HHH000400: Using dialect: org.hibernate.dialect.MySQL55Dialect
2020-07-29 22:13:26 - HHH000490: Using JtaPlatform implementation: [org.hibernate.engine.transaction.jta.platform.internal.NoJtaPlatform]
2020-07-29 22:13:26 - Initialized JPA EntityManagerFactory for persistence unit 'default'
2020-07-29 22:13:27 - Exception encountered during context initialization - cancelling refresh attempt: org.springframework.beans.factory.UnsatisfiedDependencyException: Error creating bean with name 'userController': Unsatisfied dependency expressed through field 'securityService'; nested exception is org.springframework.beans.factory.UnsatisfiedDependencyException: Error creating bean with name 'securityServiceImpl': Unsatisfied dependency expressed through field 'authenticationManager'; nested exception is org.springframework.beans.factory.NoSuchBeanDefinitionException: No qualifying bean of type 'org.springframework.security.authentication.AuthenticationManager' available: expected at least 1 bean which qualifies as autowire candidate. Dependency annotations: {@org.springframework.beans.factory.annotation.Autowired(required=true)}
2020-07-29 22:13:27 - Closing JPA EntityManagerFactory for persistence unit 'default'
2020-07-29 22:13:27 - HikariPool-1 - Shutdown initiated...
2020-07-29 22:13:27 - HikariPool-1 - Shutdown completed.
2020-07-29 22:13:27 - Stopping service [Tomcat]
2020-07-29 22:13:27 - 

Error starting ApplicationContext. To display the conditions report re-run your application with 'debug' enabled.
2020-07-29 22:13:28 - 

***************************
APPLICATION FAILED TO START
***************************

Description:

Field authenticationManager in com.antonprio.flightreservation.services.SecurityServiceImpl required a bean of type 'org.springframework.security.authentication.AuthenticationManager' that could not be found.

The injection point has the following annotations:
	- @org.springframework.beans.factory.annotation.Autowired(required=true)


Action:

Consider defining a bean of type 'org.springframework.security.authentication.AuthenticationManager' in your configuration.

2020-07-29 22:18:22 - Starting FlightreservationApplication on ANTON-PC with PID 5008 (D:\CODE\Learning Repository\Java\Workspace\flightreservation\target\classes started by anton in D:\CODE\Learning Repository\Java\Workspace\flightreservation)
2020-07-29 22:18:22 - No active profile set, falling back to default profiles: default
2020-07-29 22:18:25 - Bootstrapping Spring Data JPA repositories in DEFAULT mode.
2020-07-29 22:18:25 - Finished Spring Data repository scanning in 270ms. Found 5 JPA repository interfaces.
2020-07-29 22:18:32 - Tomcat initialized with port(s): 8080 (http)
2020-07-29 22:18:32 - Initializing ProtocolHandler ["http-nio-8080"]
2020-07-29 22:18:32 - Starting service [Tomcat]
2020-07-29 22:18:32 - Starting Servlet engine: [Apache Tomcat/9.0.33]
2020-07-29 22:18:33 - At least one JAR was scanned for TLDs yet contained no TLDs. Enable debug logging for this logger for a complete list of JARs that were scanned but no TLDs were found in them. Skipping unneeded JARs during scanning can improve startup time and JSP compilation time.
2020-07-29 22:18:33 - Initializing Spring embedded WebApplicationContext
2020-07-29 22:18:33 - Root WebApplicationContext: initialization completed in 10406 ms
2020-07-29 22:18:33 - HikariPool-1 - Starting...
2020-07-29 22:18:34 - HikariPool-1 - Start completed.
2020-07-29 22:18:34 - HHH000204: Processing PersistenceUnitInfo [name: default]
2020-07-29 22:18:34 - HHH000412: Hibernate ORM core version 5.4.12.Final
2020-07-29 22:18:34 - HCANN000001: Hibernate Commons Annotations {5.1.0.Final}
2020-07-29 22:18:35 - HHH000400: Using dialect: org.hibernate.dialect.MySQL55Dialect
2020-07-29 22:18:36 - HHH000490: Using JtaPlatform implementation: [org.hibernate.engine.transaction.jta.platform.internal.NoJtaPlatform]
2020-07-29 22:18:36 - Initialized JPA EntityManagerFactory for persistence unit 'default'
2020-07-29 22:18:37 - Exception encountered during context initialization - cancelling refresh attempt: org.springframework.beans.factory.UnsatisfiedDependencyException: Error creating bean with name 'userController': Unsatisfied dependency expressed through field 'securityService'; nested exception is org.springframework.beans.factory.UnsatisfiedDependencyException: Error creating bean with name 'securityServiceImpl': Unsatisfied dependency expressed through field 'authenticationManager'; nested exception is org.springframework.beans.factory.NoSuchBeanDefinitionException: No qualifying bean of type 'org.springframework.security.authentication.AuthenticationManager' available: expected at least 1 bean which qualifies as autowire candidate. Dependency annotations: {@org.springframework.beans.factory.annotation.Autowired(required=true)}
2020-07-29 22:18:37 - Closing JPA EntityManagerFactory for persistence unit 'default'
2020-07-29 22:18:37 - HikariPool-1 - Shutdown initiated...
2020-07-29 22:18:37 - HikariPool-1 - Shutdown completed.
2020-07-29 22:18:37 - Stopping service [Tomcat]
2020-07-29 22:18:37 - 

Error starting ApplicationContext. To display the conditions report re-run your application with 'debug' enabled.
2020-07-29 22:18:38 - 

***************************
APPLICATION FAILED TO START
***************************

Description:

Field authenticationManager in com.antonprio.flightreservation.services.SecurityServiceImpl required a bean of type 'org.springframework.security.authentication.AuthenticationManager' that could not be found.

The injection point has the following annotations:
	- @org.springframework.beans.factory.annotation.Autowired(required=true)


Action:

Consider defining a bean of type 'org.springframework.security.authentication.AuthenticationManager' in your configuration.

2020-07-29 22:27:18 - Starting FlightreservationApplication on ANTON-PC with PID 14920 (D:\CODE\Learning Repository\Java\Workspace\flightreservation\target\classes started by anton in D:\CODE\Learning Repository\Java\Workspace\flightreservation)
2020-07-29 22:27:18 - No active profile set, falling back to default profiles: default
2020-07-29 22:27:21 - Bootstrapping Spring Data JPA repositories in DEFAULT mode.
2020-07-29 22:27:22 - Finished Spring Data repository scanning in 324ms. Found 5 JPA repository interfaces.
2020-07-29 22:27:28 - Tomcat initialized with port(s): 8080 (http)
2020-07-29 22:27:28 - Initializing ProtocolHandler ["http-nio-8080"]
2020-07-29 22:27:28 - Starting service [Tomcat]
2020-07-29 22:27:28 - Starting Servlet engine: [Apache Tomcat/9.0.33]
2020-07-29 22:27:29 - At least one JAR was scanned for TLDs yet contained no TLDs. Enable debug logging for this logger for a complete list of JARs that were scanned but no TLDs were found in them. Skipping unneeded JARs during scanning can improve startup time and JSP compilation time.
2020-07-29 22:27:29 - Initializing Spring embedded WebApplicationContext
2020-07-29 22:27:29 - Root WebApplicationContext: initialization completed in 10348 ms
2020-07-29 22:27:29 - HikariPool-1 - Starting...
2020-07-29 22:27:30 - HikariPool-1 - Start completed.
2020-07-29 22:27:30 - HHH000204: Processing PersistenceUnitInfo [name: default]
2020-07-29 22:27:30 - HHH000412: Hibernate ORM core version 5.4.12.Final
2020-07-29 22:27:30 - HCANN000001: Hibernate Commons Annotations {5.1.0.Final}
2020-07-29 22:27:30 - HHH000400: Using dialect: org.hibernate.dialect.MySQL55Dialect
2020-07-29 22:27:32 - HHH000490: Using JtaPlatform implementation: [org.hibernate.engine.transaction.jta.platform.internal.NoJtaPlatform]
2020-07-29 22:27:32 - Initialized JPA EntityManagerFactory for persistence unit 'default'
2020-07-29 22:27:33 - Exception encountered during context initialization - cancelling refresh attempt: org.springframework.beans.factory.UnsatisfiedDependencyException: Error creating bean with name 'userController': Unsatisfied dependency expressed through field 'securityService'; nested exception is org.springframework.beans.factory.UnsatisfiedDependencyException: Error creating bean with name 'securityServiceImpl': Unsatisfied dependency expressed through field 'authenticationManager'; nested exception is org.springframework.beans.factory.NoSuchBeanDefinitionException: No qualifying bean of type 'org.springframework.security.authentication.AuthenticationManager' available: expected at least 1 bean which qualifies as autowire candidate. Dependency annotations: {@org.springframework.beans.factory.annotation.Autowired(required=true)}
2020-07-29 22:27:33 - Closing JPA EntityManagerFactory for persistence unit 'default'
2020-07-29 22:27:33 - HikariPool-1 - Shutdown initiated...
2020-07-29 22:27:33 - HikariPool-1 - Shutdown completed.
2020-07-29 22:27:33 - Stopping service [Tomcat]
2020-07-29 22:27:33 - 

Error starting ApplicationContext. To display the conditions report re-run your application with 'debug' enabled.
2020-07-29 22:27:34 - 

***************************
APPLICATION FAILED TO START
***************************

Description:

Field authenticationManager in com.antonprio.flightreservation.services.SecurityServiceImpl required a bean of type 'org.springframework.security.authentication.AuthenticationManager' that could not be found.

The injection point has the following annotations:
	- @org.springframework.beans.factory.annotation.Autowired(required=true)


Action:

Consider defining a bean of type 'org.springframework.security.authentication.AuthenticationManager' in your configuration.

2020-07-29 22:37:30 - Starting FlightreservationApplication on ANTON-PC with PID 7844 (D:\CODE\Learning Repository\Java\Workspace\flightreservation\target\classes started by anton in D:\CODE\Learning Repository\Java\Workspace\flightreservation)
2020-07-29 22:37:30 - No active profile set, falling back to default profiles: default
2020-07-29 22:37:32 - Bootstrapping Spring Data JPA repositories in DEFAULT mode.
2020-07-29 22:37:33 - Finished Spring Data repository scanning in 254ms. Found 5 JPA repository interfaces.
2020-07-29 22:37:39 - Tomcat initialized with port(s): 8080 (http)
2020-07-29 22:37:39 - Initializing ProtocolHandler ["http-nio-8080"]
2020-07-29 22:37:39 - Starting service [Tomcat]
2020-07-29 22:37:39 - Starting Servlet engine: [Apache Tomcat/9.0.33]
2020-07-29 22:37:39 - At least one JAR was scanned for TLDs yet contained no TLDs. Enable debug logging for this logger for a complete list of JARs that were scanned but no TLDs were found in them. Skipping unneeded JARs during scanning can improve startup time and JSP compilation time.
2020-07-29 22:37:39 - Initializing Spring embedded WebApplicationContext
2020-07-29 22:37:39 - Root WebApplicationContext: initialization completed in 9378 ms
2020-07-29 22:37:40 - HikariPool-1 - Starting...
2020-07-29 22:37:40 - HikariPool-1 - Start completed.
2020-07-29 22:37:40 - HHH000204: Processing PersistenceUnitInfo [name: default]
2020-07-29 22:37:40 - HHH000412: Hibernate ORM core version 5.4.12.Final
2020-07-29 22:37:41 - HCANN000001: Hibernate Commons Annotations {5.1.0.Final}
2020-07-29 22:37:41 - HHH000400: Using dialect: org.hibernate.dialect.MySQL55Dialect
2020-07-29 22:37:42 - HHH000490: Using JtaPlatform implementation: [org.hibernate.engine.transaction.jta.platform.internal.NoJtaPlatform]
2020-07-29 22:37:42 - Initialized JPA EntityManagerFactory for persistence unit 'default'
2020-07-29 22:37:44 - Exception encountered during context initialization - cancelling refresh attempt: org.springframework.beans.factory.UnsatisfiedDependencyException: Error creating bean with name 'userController': Unsatisfied dependency expressed through field 'securityService'; nested exception is org.springframework.beans.factory.UnsatisfiedDependencyException: Error creating bean with name 'securityServiceImpl': Unsatisfied dependency expressed through field 'authenticationManager'; nested exception is org.springframework.beans.factory.NoSuchBeanDefinitionException: No qualifying bean of type 'org.springframework.security.authentication.AuthenticationManager' available: expected at least 1 bean which qualifies as autowire candidate. Dependency annotations: {@org.springframework.beans.factory.annotation.Autowired(required=true)}
2020-07-29 22:37:44 - Closing JPA EntityManagerFactory for persistence unit 'default'
2020-07-29 22:37:44 - HikariPool-1 - Shutdown initiated...
2020-07-29 22:37:44 - HikariPool-1 - Shutdown completed.
2020-07-29 22:37:44 - Stopping service [Tomcat]
2020-07-29 22:37:44 - 

Error starting ApplicationContext. To display the conditions report re-run your application with 'debug' enabled.
2020-07-29 22:37:44 - 

***************************
APPLICATION FAILED TO START
***************************

Description:

Field authenticationManager in com.antonprio.flightreservation.services.SecurityServiceImpl required a bean of type 'org.springframework.security.authentication.AuthenticationManager' that could not be found.

The injection point has the following annotations:
	- @org.springframework.beans.factory.annotation.Autowired(required=true)


Action:

Consider defining a bean of type 'org.springframework.security.authentication.AuthenticationManager' in your configuration.

2020-07-29 22:39:59 - Starting FlightreservationApplication on ANTON-PC with PID 15352 (D:\CODE\Learning Repository\Java\Workspace\flightreservation\target\classes started by anton in D:\CODE\Learning Repository\Java\Workspace\flightreservation)
2020-07-29 22:39:59 - No active profile set, falling back to default profiles: default
2020-07-29 22:40:03 - Bootstrapping Spring Data JPA repositories in DEFAULT mode.
2020-07-29 22:40:03 - Finished Spring Data repository scanning in 231ms. Found 5 JPA repository interfaces.
2020-07-29 22:40:09 - Tomcat initialized with port(s): 8080 (http)
2020-07-29 22:40:09 - Initializing ProtocolHandler ["http-nio-8080"]
2020-07-29 22:40:09 - Starting service [Tomcat]
2020-07-29 22:40:09 - Starting Servlet engine: [Apache Tomcat/9.0.33]
2020-07-29 22:40:10 - At least one JAR was scanned for TLDs yet contained no TLDs. Enable debug logging for this logger for a complete list of JARs that were scanned but no TLDs were found in them. Skipping unneeded JARs during scanning can improve startup time and JSP compilation time.
2020-07-29 22:40:10 - Initializing Spring embedded WebApplicationContext
2020-07-29 22:40:10 - Root WebApplicationContext: initialization completed in 10551 ms
2020-07-29 22:40:10 - HikariPool-1 - Starting...
2020-07-29 22:40:11 - HikariPool-1 - Start completed.
2020-07-29 22:40:11 - HHH000204: Processing PersistenceUnitInfo [name: default]
2020-07-29 22:40:11 - HHH000412: Hibernate ORM core version 5.4.12.Final
2020-07-29 22:40:11 - HCANN000001: Hibernate Commons Annotations {5.1.0.Final}
2020-07-29 22:40:12 - HHH000400: Using dialect: org.hibernate.dialect.MySQL55Dialect
2020-07-29 22:40:13 - HHH000490: Using JtaPlatform implementation: [org.hibernate.engine.transaction.jta.platform.internal.NoJtaPlatform]
2020-07-29 22:40:13 - Initialized JPA EntityManagerFactory for persistence unit 'default'
2020-07-29 22:40:15 - spring.jpa.open-in-view is enabled by default. Therefore, database queries may be performed during view rendering. Explicitly configure spring.jpa.open-in-view to disable this warning
2020-07-29 22:40:16 - Creating filter chain: any request, [org.springframework.security.web.context.request.async.WebAsyncManagerIntegrationFilter@4d8056bf, org.springframework.security.web.context.SecurityContextPersistenceFilter@4bbf20d1, org.springframework.security.web.header.HeaderWriterFilter@49122853, org.springframework.security.web.authentication.logout.LogoutFilter@6a4a2090, org.springframework.security.web.savedrequest.RequestCacheAwareFilter@3cf4dec7, org.springframework.security.web.servletapi.SecurityContextHolderAwareRequestFilter@25fa6889, org.springframework.security.web.authentication.AnonymousAuthenticationFilter@42211e04, org.springframework.security.web.session.SessionManagementFilter@1e29a81a, org.springframework.security.web.access.ExceptionTranslationFilter@4a833595, org.springframework.security.web.access.intercept.FilterSecurityInterceptor@10d98940]
2020-07-29 22:40:16 - Initializing ExecutorService 'applicationTaskExecutor'
2020-07-29 22:40:17 - Adding welcome page: ServletContext resource [/index.html]
2020-07-29 22:40:17 - Starting ProtocolHandler ["http-nio-8080"]
2020-07-29 22:40:17 - Tomcat started on port(s): 8080 (http) with context path '/flightreservation'
2020-07-29 22:40:17 - Started FlightreservationApplication in 18.789 seconds (JVM running for 20.607)
2020-07-29 22:40:32 - Initializing Spring DispatcherServlet 'dispatcherServlet'
2020-07-29 22:40:32 - Initializing Servlet 'dispatcherServlet'
2020-07-29 22:40:33 - Completed initialization in 33 ms
2020-07-29 22:43:37 - Inside showRegistrationPage()
2020-07-29 22:44:44 - Inside register(user : User{firstName='Anton Prio', lastName='Hutomo', email='aphmaildev@gmail.com', password='test'})
2020-07-29 22:48:55 - Inside login(email : aphmaildev@gmail.com)
2020-07-29 22:54:03 - Starting FlightreservationApplication on ANTON-PC with PID 14824 (D:\CODE\Learning Repository\Java\Workspace\flightreservation\target\classes started by anton in D:\CODE\Learning Repository\Java\Workspace\flightreservation)
2020-07-29 22:54:03 - No active profile set, falling back to default profiles: default
2020-07-29 22:54:06 - Bootstrapping Spring Data JPA repositories in DEFAULT mode.
2020-07-29 22:54:06 - Finished Spring Data repository scanning in 249ms. Found 5 JPA repository interfaces.
2020-07-29 22:54:12 - Tomcat initialized with port(s): 8080 (http)
2020-07-29 22:54:12 - Initializing ProtocolHandler ["http-nio-8080"]
2020-07-29 22:54:12 - Starting service [Tomcat]
2020-07-29 22:54:12 - Starting Servlet engine: [Apache Tomcat/9.0.33]
2020-07-29 22:54:13 - At least one JAR was scanned for TLDs yet contained no TLDs. Enable debug logging for this logger for a complete list of JARs that were scanned but no TLDs were found in them. Skipping unneeded JARs during scanning can improve startup time and JSP compilation time.
2020-07-29 22:54:13 - Initializing Spring embedded WebApplicationContext
2020-07-29 22:54:13 - Root WebApplicationContext: initialization completed in 10064 ms
2020-07-29 22:54:14 - HikariPool-1 - Starting...
2020-07-29 22:54:14 - HikariPool-1 - Start completed.
2020-07-29 22:54:14 - HHH000204: Processing PersistenceUnitInfo [name: default]
2020-07-29 22:54:14 - HHH000412: Hibernate ORM core version 5.4.12.Final
2020-07-29 22:54:15 - HCANN000001: Hibernate Commons Annotations {5.1.0.Final}
2020-07-29 22:54:15 - HHH000400: Using dialect: org.hibernate.dialect.MySQL55Dialect
2020-07-29 22:54:17 - HHH000490: Using JtaPlatform implementation: [org.hibernate.engine.transaction.jta.platform.internal.NoJtaPlatform]
2020-07-29 22:54:17 - Initialized JPA EntityManagerFactory for persistence unit 'default'
2020-07-29 22:54:19 - spring.jpa.open-in-view is enabled by default. Therefore, database queries may be performed during view rendering. Explicitly configure spring.jpa.open-in-view to disable this warning
2020-07-29 22:54:19 - Creating filter chain: any request, [org.springframework.security.web.context.request.async.WebAsyncManagerIntegrationFilter@5a6f6cac, org.springframework.security.web.context.SecurityContextPersistenceFilter@6501b105, org.springframework.security.web.header.HeaderWriterFilter@68d8eb4f, org.springframework.security.web.authentication.logout.LogoutFilter@3355168, org.springframework.security.web.savedrequest.RequestCacheAwareFilter@6df2af02, org.springframework.security.web.servletapi.SecurityContextHolderAwareRequestFilter@ab327c, org.springframework.security.web.authentication.AnonymousAuthenticationFilter@258a8584, org.springframework.security.web.session.SessionManagementFilter@175f859e, org.springframework.security.web.access.ExceptionTranslationFilter@45c423b3, org.springframework.security.web.access.intercept.FilterSecurityInterceptor@65db548]
2020-07-29 22:54:20 - Initializing ExecutorService 'applicationTaskExecutor'
2020-07-29 22:54:21 - Adding welcome page: ServletContext resource [/index.html]
2020-07-29 22:54:21 - Starting ProtocolHandler ["http-nio-8080"]
2020-07-29 22:54:21 - Tomcat started on port(s): 8080 (http) with context path '/flightreservation'
2020-07-29 22:54:21 - Started FlightreservationApplication in 19.744 seconds (JVM running for 21.802)
2020-07-29 22:54:21 - Initializing Spring DispatcherServlet 'dispatcherServlet'
2020-07-29 22:54:21 - Initializing Servlet 'dispatcherServlet'
2020-07-29 22:54:21 - Completed initialization in 39 ms
2020-07-29 22:54:22 - Inside showLoginPage()
2020-07-29 22:54:54 - Inside login(email : aphmaildev@gmail.com)
2020-07-29 22:54:59 - Inside showLoginPage()
2020-07-29 22:55:04 - Inside login(email : aphmaildev@gmail.com)
2020-07-29 22:55:06 - Inside showLoginPage()
2020-07-29 22:55:15 - Inside login(email : aphmaildev@gmail.com)
2020-07-29 22:55:42 - Inside showLoginPage()
2020-07-29 22:55:47 - Inside showLoginPage()
2020-07-29 22:55:48 - Inside showLoginPage()
2020-07-29 22:56:02 - Inside login(email : aphmaildev@gmail.com)
2020-07-29 22:56:17 - Inside login(email : aphmaildev@gmail.com)
2020-07-29 22:56:19 - Inside showLoginPage()
2020-07-29 22:56:24 - Inside login(email : aphmaildev@gmail.com)
2020-07-29 22:56:25 - Inside showLoginPage()
2020-07-29 22:56:27 - Inside login(email : aphmaildev@gmail.com)
2020-07-29 22:56:29 - Inside showLoginPage()
2020-07-29 22:56:46 - Starting FlightreservationApplication on ANTON-PC with PID 14376 (D:\CODE\Learning Repository\Java\Workspace\flightreservation\target\classes started by anton in D:\CODE\Learning Repository\Java\Workspace\flightreservation)
2020-07-29 22:56:46 - No active profile set, falling back to default profiles: default
2020-07-29 22:56:50 - Bootstrapping Spring Data JPA repositories in DEFAULT mode.
2020-07-29 22:56:50 - Finished Spring Data repository scanning in 276ms. Found 5 JPA repository interfaces.
2020-07-29 22:56:56 - Tomcat initialized with port(s): 8080 (http)
2020-07-29 22:56:56 - Initializing ProtocolHandler ["http-nio-8080"]
2020-07-29 22:56:56 - Starting service [Tomcat]
2020-07-29 22:56:56 - Starting Servlet engine: [Apache Tomcat/9.0.33]
2020-07-29 22:56:57 - At least one JAR was scanned for TLDs yet contained no TLDs. Enable debug logging for this logger for a complete list of JARs that were scanned but no TLDs were found in them. Skipping unneeded JARs during scanning can improve startup time and JSP compilation time.
2020-07-29 22:56:57 - Initializing Spring embedded WebApplicationContext
2020-07-29 22:56:57 - Root WebApplicationContext: initialization completed in 10650 ms
2020-07-29 22:56:58 - HikariPool-1 - Starting...
2020-07-29 22:56:58 - HikariPool-1 - Start completed.
2020-07-29 22:56:58 - HHH000204: Processing PersistenceUnitInfo [name: default]
2020-07-29 22:56:58 - HHH000412: Hibernate ORM core version 5.4.12.Final
2020-07-29 22:56:59 - HCANN000001: Hibernate Commons Annotations {5.1.0.Final}
2020-07-29 22:56:59 - HHH000400: Using dialect: org.hibernate.dialect.MySQL55Dialect
2020-07-29 22:57:01 - HHH000490: Using JtaPlatform implementation: [org.hibernate.engine.transaction.jta.platform.internal.NoJtaPlatform]
2020-07-29 22:57:01 - Initialized JPA EntityManagerFactory for persistence unit 'default'
2020-07-29 22:57:03 - spring.jpa.open-in-view is enabled by default. Therefore, database queries may be performed during view rendering. Explicitly configure spring.jpa.open-in-view to disable this warning
2020-07-29 22:57:04 - Creating filter chain: any request, [org.springframework.security.web.context.request.async.WebAsyncManagerIntegrationFilter@517fbf62, org.springframework.security.web.context.SecurityContextPersistenceFilter@7e31d53b, org.springframework.security.web.header.HeaderWriterFilter@7e2c6fd6, org.springframework.security.web.authentication.logout.LogoutFilter@68f776ee, org.springframework.security.web.savedrequest.RequestCacheAwareFilter@64757d56, org.springframework.security.web.servletapi.SecurityContextHolderAwareRequestFilter@175f859e, org.springframework.security.web.authentication.AnonymousAuthenticationFilter@65db548, org.springframework.security.web.session.SessionManagementFilter@b70fa38, org.springframework.security.web.access.ExceptionTranslationFilter@16cf7fd0, org.springframework.security.web.access.intercept.FilterSecurityInterceptor@2a631049]
2020-07-29 22:57:05 - Initializing ExecutorService 'applicationTaskExecutor'
2020-07-29 22:57:05 - Adding welcome page: ServletContext resource [/index.html]
2020-07-29 22:57:05 - Starting ProtocolHandler ["http-nio-8080"]
2020-07-29 22:57:05 - Tomcat started on port(s): 8080 (http) with context path '/flightreservation'
2020-07-29 22:57:05 - Started FlightreservationApplication in 19.75 seconds (JVM running for 21.494)
2020-07-29 22:57:07 - Initializing Spring DispatcherServlet 'dispatcherServlet'
2020-07-29 22:57:07 - Initializing Servlet 'dispatcherServlet'
2020-07-29 22:57:07 - Completed initialization in 32 ms
2020-07-29 22:57:07 - Inside login(email : aphmaildev@gmail.com)
2020-07-29 22:58:30 - Starting FlightreservationApplication on ANTON-PC with PID 13780 (D:\CODE\Learning Repository\Java\Workspace\flightreservation\target\classes started by anton in D:\CODE\Learning Repository\Java\Workspace\flightreservation)
2020-07-29 22:58:30 - No active profile set, falling back to default profiles: default
2020-07-29 22:58:33 - Bootstrapping Spring Data JPA repositories in DEFAULT mode.
2020-07-29 22:58:33 - Finished Spring Data repository scanning in 272ms. Found 5 JPA repository interfaces.
2020-07-29 22:58:38 - Tomcat initialized with port(s): 8080 (http)
2020-07-29 22:58:38 - Initializing ProtocolHandler ["http-nio-8080"]
2020-07-29 22:58:38 - Starting service [Tomcat]
2020-07-29 22:58:38 - Starting Servlet engine: [Apache Tomcat/9.0.33]
2020-07-29 22:58:39 - At least one JAR was scanned for TLDs yet contained no TLDs. Enable debug logging for this logger for a complete list of JARs that were scanned but no TLDs were found in them. Skipping unneeded JARs during scanning can improve startup time and JSP compilation time.
2020-07-29 22:58:39 - Initializing Spring embedded WebApplicationContext
2020-07-29 22:58:39 - Root WebApplicationContext: initialization completed in 8984 ms
2020-07-29 22:58:40 - HikariPool-1 - Starting...
2020-07-29 22:58:41 - HikariPool-1 - Start completed.
2020-07-29 22:58:41 - HHH000204: Processing PersistenceUnitInfo [name: default]
2020-07-29 22:58:41 - HHH000412: Hibernate ORM core version 5.4.12.Final
2020-07-29 22:58:41 - HCANN000001: Hibernate Commons Annotations {5.1.0.Final}
2020-07-29 22:58:42 - HHH000400: Using dialect: org.hibernate.dialect.MySQL55Dialect
2020-07-29 22:58:43 - HHH000490: Using JtaPlatform implementation: [org.hibernate.engine.transaction.jta.platform.internal.NoJtaPlatform]
2020-07-29 22:58:43 - Initialized JPA EntityManagerFactory for persistence unit 'default'
2020-07-29 22:58:45 - spring.jpa.open-in-view is enabled by default. Therefore, database queries may be performed during view rendering. Explicitly configure spring.jpa.open-in-view to disable this warning
2020-07-29 22:58:46 - Creating filter chain: any request, [org.springframework.security.web.context.request.async.WebAsyncManagerIntegrationFilter@dae5e0, org.springframework.security.web.context.SecurityContextPersistenceFilter@b70fa38, org.springframework.security.web.header.HeaderWriterFilter@16cf7fd0, org.springframework.security.web.authentication.logout.LogoutFilter@3e2d8623, org.springframework.security.web.savedrequest.RequestCacheAwareFilter@7e31d53b, org.springframework.security.web.servletapi.SecurityContextHolderAwareRequestFilter@504b8705, org.springframework.security.web.authentication.AnonymousAuthenticationFilter@59a94d0f, org.springframework.security.web.session.SessionManagementFilter@6a4a2090, org.springframework.security.web.access.ExceptionTranslationFilter@4de91056, org.springframework.security.web.access.intercept.FilterSecurityInterceptor@534762ed]
2020-07-29 22:58:47 - Initializing ExecutorService 'applicationTaskExecutor'
2020-07-29 22:58:47 - Adding welcome page: ServletContext resource [/index.html]
2020-07-29 22:58:48 - Starting ProtocolHandler ["http-nio-8080"]
2020-07-29 22:58:48 - Tomcat started on port(s): 8080 (http) with context path '/flightreservation'
2020-07-29 22:58:48 - Started FlightreservationApplication in 18.566 seconds (JVM running for 20.528)
2020-07-29 22:58:48 - Initializing Spring DispatcherServlet 'dispatcherServlet'
2020-07-29 22:58:48 - Initializing Servlet 'dispatcherServlet'
2020-07-29 22:58:48 - Completed initialization in 26 ms
2020-07-29 22:59:02 - Inside showLoginPage()
2020-07-29 22:59:12 - Inside login(email : aphmaildev@gmail.com)
2020-07-29 23:12:17 - Neither @ContextConfiguration nor @ContextHierarchy found for test class [com.antonprio.flightreservation.FlightreservationApplicationTests], using SpringBootContextLoader
2020-07-29 23:12:17 - Could not detect default resource locations for test class [com.antonprio.flightreservation.FlightreservationApplicationTests]: no resource found for suffixes {-context.xml, Context.groovy}.
2020-07-29 23:12:17 - Could not detect default configuration classes for test class [com.antonprio.flightreservation.FlightreservationApplicationTests]: FlightreservationApplicationTests does not declare any static, non-private, non-final, nested classes annotated with @Configuration.
2020-07-29 23:12:18 - Found @SpringBootConfiguration com.antonprio.flightreservation.FlightreservationApplication for test class com.antonprio.flightreservation.FlightreservationApplicationTests
2020-07-29 23:12:18 - Loaded default TestExecutionListener class names from location [META-INF/spring.factories]: [org.springframework.boot.test.mock.mockito.MockitoTestExecutionListener, org.springframework.boot.test.mock.mockito.ResetMocksTestExecutionListener, org.springframework.boot.test.autoconfigure.restdocs.RestDocsTestExecutionListener, org.springframework.boot.test.autoconfigure.web.client.MockRestServiceServerResetTestExecutionListener, org.springframework.boot.test.autoconfigure.web.servlet.MockMvcPrintOnlyOnFailureTestExecutionListener, org.springframework.boot.test.autoconfigure.web.servlet.WebDriverTestExecutionListener, org.springframework.test.context.web.ServletTestExecutionListener, org.springframework.test.context.support.DirtiesContextBeforeModesTestExecutionListener, org.springframework.test.context.support.DependencyInjectionTestExecutionListener, org.springframework.test.context.support.DirtiesContextTestExecutionListener, org.springframework.test.context.transaction.TransactionalTestExecutionListener, org.springframework.test.context.jdbc.SqlScriptsTestExecutionListener, org.springframework.test.context.event.EventPublishingTestExecutionListener]
2020-07-29 23:12:18 - Using TestExecutionListeners: [org.springframework.test.context.web.ServletTestExecutionListener@7d61eb55, org.springframework.test.context.support.DirtiesContextBeforeModesTestExecutionListener@222a59e6, org.springframework.boot.test.mock.mockito.MockitoTestExecutionListener@6c7a164b, org.springframework.boot.test.autoconfigure.SpringBootDependencyInjectionTestExecutionListener@4c2bb6e0, org.springframework.test.context.support.DirtiesContextTestExecutionListener@3e62d773, org.springframework.test.context.transaction.TransactionalTestExecutionListener@4ef74c30, org.springframework.test.context.jdbc.SqlScriptsTestExecutionListener@7283d3eb, org.springframework.test.context.event.EventPublishingTestExecutionListener@638ef7ed, org.springframework.boot.test.mock.mockito.ResetMocksTestExecutionListener@4bff7da0, org.springframework.boot.test.autoconfigure.restdocs.RestDocsTestExecutionListener@3f1d2e23, org.springframework.boot.test.autoconfigure.web.client.MockRestServiceServerResetTestExecutionListener@536dbea0, org.springframework.boot.test.autoconfigure.web.servlet.MockMvcPrintOnlyOnFailureTestExecutionListener@47c81abf, org.springframework.boot.test.autoconfigure.web.servlet.WebDriverTestExecutionListener@776a6d9b]
2020-07-29 23:12:19 - Starting FlightreservationApplicationTests on ANTON-PC with PID 9180 (started by anton in D:\CODE\Learning Repository\Java\Workspace\flightreservation)
2020-07-29 23:12:19 - No active profile set, falling back to default profiles: default
2020-07-29 23:12:21 - Bootstrapping Spring Data JPA repositories in DEFAULT mode.
2020-07-29 23:12:21 - Finished Spring Data repository scanning in 333ms. Found 5 JPA repository interfaces.
2020-07-29 23:12:23 - HikariPool-1 - Starting...
2020-07-29 23:12:24 - HikariPool-1 - Start completed.
2020-07-29 23:12:24 - HHH000204: Processing PersistenceUnitInfo [name: default]
2020-07-29 23:12:24 - HHH000412: Hibernate ORM core version 5.4.12.Final
2020-07-29 23:12:24 - HCANN000001: Hibernate Commons Annotations {5.1.0.Final}
2020-07-29 23:12:28 - HHH000400: Using dialect: org.hibernate.dialect.MySQL55Dialect
2020-07-29 23:12:29 - HHH000490: Using JtaPlatform implementation: [org.hibernate.engine.transaction.jta.platform.internal.NoJtaPlatform]
2020-07-29 23:12:29 - Initialized JPA EntityManagerFactory for persistence unit 'default'
2020-07-29 23:12:31 - spring.jpa.open-in-view is enabled by default. Therefore, database queries may be performed during view rendering. Explicitly configure spring.jpa.open-in-view to disable this warning
2020-07-29 23:12:33 - Creating filter chain: any request, [org.springframework.security.web.context.request.async.WebAsyncManagerIntegrationFilter@15be68b, org.springframework.security.web.context.SecurityContextPersistenceFilter@603d25db, org.springframework.security.web.header.HeaderWriterFilter@69d667a5, org.springframework.security.web.authentication.logout.LogoutFilter@17d816b3, org.springframework.security.web.savedrequest.RequestCacheAwareFilter@48b3b1b8, org.springframework.security.web.servletapi.SecurityContextHolderAwareRequestFilter@4d2f9e3c, org.springframework.security.web.authentication.AnonymousAuthenticationFilter@22ff1372, org.springframework.security.web.session.SessionManagementFilter@5ee6fdc4, org.springframework.security.web.access.ExceptionTranslationFilter@1073c664, org.springframework.security.web.access.intercept.FilterSecurityInterceptor@12670e55]
2020-07-29 23:12:34 - Initializing ExecutorService 'applicationTaskExecutor'
2020-07-29 23:12:35 - Adding welcome page: ServletContext resource [/index.html]
2020-07-29 23:12:36 - Started FlightreservationApplicationTests in 17.214 seconds (JVM running for 20.336)
2020-07-29 23:12:36 - Shutting down ExecutorService 'applicationTaskExecutor'
2020-07-29 23:12:36 - Closing JPA EntityManagerFactory for persistence unit 'default'
2020-07-29 23:12:36 - HikariPool-1 - Shutdown initiated...
2020-07-29 23:12:36 - HikariPool-1 - Shutdown completed.
