2020-06-16 11:29:48.528  INFO 11936 --- [main] c.a.f.FlightreservationApplication       : Starting FlightreservationApplication on ANTON-PC with PID 11936 (D:\CODE\Learning Repository\Java\Workspace\flightreservation\target\classes started by anton in D:\CODE\Learning Repository\Java\Workspace\flightreservation)
2020-06-16 11:29:48.537  INFO 11936 --- [main] c.a.f.FlightreservationApplication       : No active profile set, falling back to default profiles: default
2020-06-16 11:29:50.575  INFO 11936 --- [main] .s.d.r.c.RepositoryConfigurationDelegate : Bootstrapping Spring Data JPA repositories in DEFAULT mode.
2020-06-16 11:29:50.821  INFO 11936 --- [main] .s.d.r.c.RepositoryConfigurationDelegate : Finished Spring Data repository scanning in 219ms. Found 4 JPA repository interfaces.
2020-06-16 11:29:55.215  INFO 11936 --- [main] o.s.b.w.embedded.tomcat.TomcatWebServer  : Tomcat initialized with port(s): 8080 (http)
2020-06-16 11:29:55.233  INFO 11936 --- [main] o.apache.catalina.core.StandardService   : Starting service [Tomcat]
2020-06-16 11:29:55.234  INFO 11936 --- [main] org.apache.catalina.core.StandardEngine  : Starting Servlet engine: [Apache Tomcat/9.0.33]
2020-06-16 11:29:55.997  INFO 11936 --- [main] org.apache.jasper.servlet.TldScanner     : At least one JAR was scanned for TLDs yet contained no TLDs. Enable debug logging for this logger for a complete list of JARs that were scanned but no TLDs were found in them. Skipping unneeded JARs during scanning can improve startup time and JSP compilation time.
2020-06-16 11:29:56.007  INFO 11936 --- [main] o.a.c.c.C.[.[.[/flightreservation]       : Initializing Spring embedded WebApplicationContext
2020-06-16 11:29:56.007  INFO 11936 --- [main] o.s.web.context.ContextLoader            : Root WebApplicationContext: initialization completed in 7286 ms
2020-06-16 11:29:56.440  INFO 11936 --- [main] com.zaxxer.hikari.HikariDataSource       : HikariPool-1 - Starting...
2020-06-16 11:29:56.791  INFO 11936 --- [main] com.zaxxer.hikari.HikariDataSource       : HikariPool-1 - Start completed.
2020-06-16 11:29:56.887  INFO 11936 --- [main] o.hibernate.jpa.internal.util.LogHelper  : HHH000204: Processing PersistenceUnitInfo [name: default]
2020-06-16 11:29:57.027  INFO 11936 --- [main] org.hibernate.Version                    : HHH000412: Hibernate ORM core version 5.4.12.Final
2020-06-16 11:29:57.261  INFO 11936 --- [main] o.hibernate.annotations.common.Version   : HCANN000001: Hibernate Commons Annotations {5.1.0.Final}
2020-06-16 11:29:57.470  INFO 11936 --- [main] org.hibernate.dialect.Dialect            : HHH000400: Using dialect: org.hibernate.dialect.MySQL55Dialect
2020-06-16 11:29:58.709  INFO 11936 --- [main] o.h.e.t.j.p.i.JtaPlatformInitiator       : HHH000490: Using JtaPlatform implementation: [org.hibernate.engine.transaction.jta.platform.internal.NoJtaPlatform]
2020-06-16 11:29:58.722  INFO 11936 --- [main] j.LocalContainerEntityManagerFactoryBean : Initialized JPA EntityManagerFactory for persistence unit 'default'
2020-06-16 11:30:00.002  WARN 11936 --- [main] JpaBaseConfiguration$JpaWebConfiguration : spring.jpa.open-in-view is enabled by default. Therefore, database queries may be performed during view rendering. Explicitly configure spring.jpa.open-in-view to disable this warning
2020-06-16 11:30:00.272  INFO 11936 --- [main] o.s.s.concurrent.ThreadPoolTaskExecutor  : Initializing ExecutorService 'applicationTaskExecutor'
2020-06-16 11:30:00.434  INFO 11936 --- [main] o.s.b.a.w.s.WelcomePageHandlerMapping    : Adding welcome page: ServletContext resource [/index.html]
2020-06-16 11:30:01.046  INFO 11936 --- [main] o.s.b.w.embedded.tomcat.TomcatWebServer  : Tomcat started on port(s): 8080 (http) with context path '/flightreservation'
2020-06-16 11:30:01.050  INFO 11936 --- [main] c.a.f.FlightreservationApplication       : Started FlightreservationApplication in 13.668 seconds (JVM running for 15.172)
2020-06-16 11:30:31.945  INFO 11936 --- [http-nio-8080-exec-1] o.a.c.c.C.[.[.[/flightreservation]       : Initializing Spring DispatcherServlet 'dispatcherServlet'
2020-06-16 11:30:31.950  INFO 11936 --- [http-nio-8080-exec-1] o.s.web.servlet.DispatcherServlet        : Initializing Servlet 'dispatcherServlet'
2020-06-16 11:30:31.973  INFO 11936 --- [http-nio-8080-exec-1] o.s.web.servlet.DispatcherServlet        : Completed initialization in 22 ms
2020-06-16 11:30:32.058  INFO 11936 --- [http-nio-8080-exec-1] c.a.f.controllers.UserController         : Inside showLoginPage()
2020-06-16 11:30:51.703  INFO 11936 --- [http-nio-8080-exec-2] c.a.f.controllers.UserController         : Inside login(email : aphmaildev123@gmail.com)
