2020-06-30 11:08:51 - Starting FlightreservationApplication on ANTON-PC with PID 10468 (D:\CODE\Learning Repository\Java\Workspace\flightreservation\target\classes started by anton in D:\CODE\Learning Repository\Java\Workspace\flightreservation)
2020-06-30 11:08:51 - No active profile set, falling back to default profiles: default
2020-06-30 11:08:55 - Bootstrapping Spring Data JPA repositories in DEFAULT mode.
2020-06-30 11:08:55 - Finished Spring Data repository scanning in 176ms. Found 4 JPA repository interfaces.
2020-06-30 11:09:02 - Tomcat initialized with port(s): 8080 (http)
2020-06-30 11:09:02 - Initializing ProtocolHandler ["http-nio-8080"]
2020-06-30 11:09:02 - Starting service [Tomcat]
2020-06-30 11:09:02 - Starting Servlet engine: [Apache Tomcat/9.0.33]
2020-06-30 11:09:05 - At least one JAR was scanned for TLDs yet contained no TLDs. Enable debug logging for this logger for a complete list of JARs that were scanned but no TLDs were found in them. Skipping unneeded JARs during scanning can improve startup time and JSP compilation time.
2020-06-30 11:09:06 - Initializing Spring embedded WebApplicationContext
2020-06-30 11:09:06 - Root WebApplicationContext: initialization completed in 14151 ms
2020-06-30 11:09:08 - HikariPool-1 - Starting...
2020-06-30 11:09:13 - HikariPool-1 - Start completed.
2020-06-30 11:09:15 - HHH000204: Processing PersistenceUnitInfo [name: default]
2020-06-30 11:09:23 - HHH000412: Hibernate ORM core version 5.4.12.Final
2020-06-30 11:09:36 - HCANN000001: Hibernate Commons Annotations {5.1.0.Final}
2020-06-30 11:09:41 - HHH000400: Using dialect: org.hibernate.dialect.MySQL55Dialect
2020-06-30 11:09:51 - HHH000490: Using JtaPlatform implementation: [org.hibernate.engine.transaction.jta.platform.internal.NoJtaPlatform]
2020-06-30 11:09:52 - Initialized JPA EntityManagerFactory for persistence unit 'default'
2020-06-30 11:09:59 - spring.jpa.open-in-view is enabled by default. Therefore, database queries may be performed during view rendering. Explicitly configure spring.jpa.open-in-view to disable this warning
2020-06-30 11:10:01 - Initializing ExecutorService 'applicationTaskExecutor'
2020-06-30 11:10:02 - Adding welcome page: ServletContext resource [/index.html]
2020-06-30 11:10:03 - Starting ProtocolHandler ["http-nio-8080"]
2020-06-30 11:10:04 - Tomcat started on port(s): 8080 (http) with context path '/flightreservation'
2020-06-30 11:10:04 - Started FlightreservationApplication in 73.74 seconds (JVM running for 75.72)
2020-06-30 11:10:14 - Initializing Spring DispatcherServlet 'dispatcherServlet'
2020-06-30 11:10:14 - Initializing Servlet 'dispatcherServlet'
2020-06-30 11:10:14 - Completed initialization in 22 ms
2020-06-30 11:10:35 - Inside showLoginPage()
2020-06-30 11:10:59 - Inside login(email : aphmaildev123@gmail.com)
2020-06-30 11:29:07 - Starting FlightreservationApplication on ANTON-PC with PID 6600 (D:\CODE\Learning Repository\Java\Workspace\flightreservation\target\classes started by anton in D:\CODE\Learning Repository\Java\Workspace\flightreservation)
2020-06-30 11:29:07 - No active profile set, falling back to default profiles: default
2020-06-30 11:29:10 - Bootstrapping Spring Data JPA repositories in DEFAULT mode.
2020-06-30 11:29:10 - Finished Spring Data repository scanning in 302ms. Found 4 JPA repository interfaces.
2020-06-30 11:29:15 - Tomcat initialized with port(s): 8080 (http)
2020-06-30 11:29:15 - Initializing ProtocolHandler ["http-nio-8080"]
2020-06-30 11:29:15 - Starting service [Tomcat]
2020-06-30 11:29:15 - Starting Servlet engine: [Apache Tomcat/9.0.33]
2020-06-30 11:29:16 - At least one JAR was scanned for TLDs yet contained no TLDs. Enable debug logging for this logger for a complete list of JARs that were scanned but no TLDs were found in them. Skipping unneeded JARs during scanning can improve startup time and JSP compilation time.
2020-06-30 11:29:16 - Initializing Spring embedded WebApplicationContext
2020-06-30 11:29:16 - Root WebApplicationContext: initialization completed in 8347 ms
2020-06-30 11:29:16 - HikariPool-1 - Starting...
2020-06-30 11:29:17 - HikariPool-1 - Start completed.
2020-06-30 11:29:17 - HHH000204: Processing PersistenceUnitInfo [name: default]
2020-06-30 11:29:17 - HHH000412: Hibernate ORM core version 5.4.12.Final
2020-06-30 11:29:17 - HCANN000001: Hibernate Commons Annotations {5.1.0.Final}
2020-06-30 11:29:18 - HHH000400: Using dialect: org.hibernate.dialect.MySQL55Dialect
2020-06-30 11:29:19 - HHH000490: Using JtaPlatform implementation: [org.hibernate.engine.transaction.jta.platform.internal.NoJtaPlatform]
2020-06-30 11:29:19 - Initialized JPA EntityManagerFactory for persistence unit 'default'
2020-06-30 11:29:21 - spring.jpa.open-in-view is enabled by default. Therefore, database queries may be performed during view rendering. Explicitly configure spring.jpa.open-in-view to disable this warning
2020-06-30 11:29:22 - Initializing ExecutorService 'applicationTaskExecutor'
2020-06-30 11:29:22 - Adding welcome page: ServletContext resource [/index.html]
2020-06-30 11:29:22 - Starting ProtocolHandler ["http-nio-8080"]
2020-06-30 11:29:22 - Tomcat started on port(s): 8080 (http) with context path '/flightreservation'
2020-06-30 11:29:22 - Started FlightreservationApplication in 15.93 seconds (JVM running for 17.67)
2020-06-30 11:29:25 - Initializing Spring DispatcherServlet 'dispatcherServlet'
2020-06-30 11:29:25 - Initializing Servlet 'dispatcherServlet'
2020-06-30 11:29:25 - Completed initialization in 22 ms
2020-06-30 11:29:25 - Inside login(email : aphmaildev123@gmail.com)
2020-06-30 11:29:41 - Inside findFlights(from : aus, to : nyc, departureDate : Mon Feb 05 00:00:00 ICT 2018)
2020-06-30 11:29:41 - Flight found are : [Flight{flightNumber='AA1', operatingAirlines='American Airlines', departureCity='AUS', arrivalCity='NYC', dateOfDeparture=2018-02-05 00:00:00.0, estimatedDepartureTime=2018-02-05 03:14:07.0}]
2020-06-30 11:29:50 - inside showCompleteReservation(flightId : 1)
2020-06-30 11:29:50 - Flight is : Flight{flightNumber='AA1', operatingAirlines='American Airlines', departureCity='AUS', arrivalCity='NYC', dateOfDeparture=2018-02-05 00:00:00.0, estimatedDepartureTime=2018-02-05 03:14:07.0}
2020-06-30 11:31:06 - Resolved [org.springframework.validation.BindException: org.springframework.validation.BeanPropertyBindingResult: 1 errors
Field error in object 'reservationRequest' on field 'expirationDate': rejected value [02-01-2020]; codes [typeMismatch.reservationRequest.expirationDate,typeMismatch.expirationDate,typeMismatch.java.util.Date,typeMismatch]; arguments [org.springframework.context.support.DefaultMessageSourceResolvable: codes [reservationRequest.expirationDate,expirationDate]; arguments []; default message [expirationDate]]; default message [Failed to convert property value of type 'java.lang.String' to required type 'java.util.Date' for property 'expirationDate'; nested exception is org.springframework.core.convert.ConversionFailedException: Failed to convert from type [java.lang.String] to type [java.util.Date] for value '02-01-2020'; nested exception is java.lang.IllegalArgumentException]]
2020-06-30 11:31:49 - Resolved [org.springframework.validation.BindException: org.springframework.validation.BeanPropertyBindingResult: 1 errors
Field error in object 'reservationRequest' on field 'expirationDate': rejected value [1231]; codes [typeMismatch.reservationRequest.expirationDate,typeMismatch.expirationDate,typeMismatch.java.util.Date,typeMismatch]; arguments [org.springframework.context.support.DefaultMessageSourceResolvable: codes [reservationRequest.expirationDate,expirationDate]; arguments []; default message [expirationDate]]; default message [Failed to convert property value of type 'java.lang.String' to required type 'java.util.Date' for property 'expirationDate'; nested exception is org.springframework.core.convert.ConversionFailedException: Failed to convert from type [java.lang.String] to type [java.util.Date] for value '1231'; nested exception is java.lang.IllegalArgumentException]]
2020-06-30 11:32:28 - inside completeReservation(request : ReservationRequest{flightId=1, passangerFirstName='Bharath', passangerMiddleName='Tipis', passangerLastName='Kering', passangerEmail='aphmaildev123@gmail.com', passangerPhone='131313131', nameOnTheCard='Bharath', cardNumber='123131', expirationDate=Wed Jan 01 00:00:00 ICT 2020, securityCode='331'})
2020-06-30 11:32:28 - Inside bookFlight()
2020-06-30 11:32:28 - Fetching flight for flightID : 1
2020-06-30 11:32:28 - Saving passanger info : Passanger{firstName='Bharath', middleName='Tipis', lastName='Kering', email='aphmaildev123@gmail.com', phone='131313131'}
2020-06-30 11:32:28 - Saving reservation info : Reservation{checkedIn=false, numberOfBags=0, passanger=Passanger{firstName='Bharath', middleName='Tipis', lastName='Kering', email='aphmaildev123@gmail.com', phone='131313131'}, flight=Flight{flightNumber='AA1', operatingAirlines='American Airlines', departureCity='AUS', arrivalCity='NYC', dateOfDeparture=2018-02-05 00:00:00.0, estimatedDepartureTime=2018-02-05 03:14:07.0}}
2020-06-30 11:32:28 - Generating the Itinerary
2020-06-30 11:32:28 - generateItinerary()
2020-06-30 11:32:29 - Inside sendItinerary()
2020-06-30 11:32:36 - Servlet.service() for servlet [dispatcherServlet] in context with path [/flightreservation] threw exception [Request processing failed; nested exception is org.springframework.mail.MailAuthenticationException: Authentication failed; nested exception is javax.mail.AuthenticationFailedException: 535-5.7.8 Username and Password not accepted. Learn more at
535 5.7.8  https://support.google.com/mail/?p=BadCredentials j126sm1109149pfg.95 - gsmtp
] with root cause
javax.mail.AuthenticationFailedException: 535-5.7.8 Username and Password not accepted. Learn more at
535 5.7.8  https://support.google.com/mail/?p=BadCredentials j126sm1109149pfg.95 - gsmtp

	at com.sun.mail.smtp.SMTPTransport$Authenticator.authenticate(SMTPTransport.java:947)
	at com.sun.mail.smtp.SMTPTransport.authenticate(SMTPTransport.java:858)
	at com.sun.mail.smtp.SMTPTransport.protocolConnect(SMTPTransport.java:762)
	at javax.mail.Service.connect(Service.java:342)
	at org.springframework.mail.javamail.JavaMailSenderImpl.connectTransport(JavaMailSenderImpl.java:518)
	at org.springframework.mail.javamail.JavaMailSenderImpl.doSend(JavaMailSenderImpl.java:437)
	at org.springframework.mail.javamail.JavaMailSenderImpl.send(JavaMailSenderImpl.java:361)
	at org.springframework.mail.javamail.JavaMailSenderImpl.send(JavaMailSenderImpl.java:356)
	at com.antonprio.flightreservation.util.EmailUtil.sendItinerary(EmailUtil.java:39)
	at com.antonprio.flightreservation.services.ReservationServiceImpl.bookFlight(ReservationServiceImpl.java:75)
	at com.antonprio.flightreservation.controllers.ReservationController.completeReservation(ReservationController.java:45)
	at com.antonprio.flightreservation.controllers.ReservationController$$FastClassBySpringCGLIB$$796be212.invoke(<generated>)
	at org.springframework.cglib.proxy.MethodProxy.invoke(MethodProxy.java:218)
	at org.springframework.aop.framework.CglibAopProxy$CglibMethodInvocation.invokeJoinpoint(CglibAopProxy.java:771)
	at org.springframework.aop.framework.ReflectiveMethodInvocation.proceed(ReflectiveMethodInvocation.java:163)
	at org.springframework.aop.framework.CglibAopProxy$CglibMethodInvocation.proceed(CglibAopProxy.java:749)
	at org.springframework.transaction.interceptor.TransactionAspectSupport.invokeWithinTransaction(TransactionAspectSupport.java:366)
	at org.springframework.transaction.interceptor.TransactionInterceptor.invoke(TransactionInterceptor.java:118)
	at org.springframework.aop.framework.ReflectiveMethodInvocation.proceed(ReflectiveMethodInvocation.java:186)
	at org.springframework.aop.framework.CglibAopProxy$CglibMethodInvocation.proceed(CglibAopProxy.java:749)
	at org.springframework.aop.framework.CglibAopProxy$DynamicAdvisedInterceptor.intercept(CglibAopProxy.java:691)
	at com.antonprio.flightreservation.controllers.ReservationController$$EnhancerBySpringCGLIB$$4025ac48.completeReservation(<generated>)
	at sun.reflect.NativeMethodAccessorImpl.invoke0(Native Method)
	at sun.reflect.NativeMethodAccessorImpl.invoke(NativeMethodAccessorImpl.java:62)
	at sun.reflect.DelegatingMethodAccessorImpl.invoke(DelegatingMethodAccessorImpl.java:43)
	at java.lang.reflect.Method.invoke(Method.java:498)
	at org.springframework.web.method.support.InvocableHandlerMethod.doInvoke(InvocableHandlerMethod.java:190)
	at org.springframework.web.method.support.InvocableHandlerMethod.invokeForRequest(InvocableHandlerMethod.java:138)
	at org.springframework.web.servlet.mvc.method.annotation.ServletInvocableHandlerMethod.invokeAndHandle(ServletInvocableHandlerMethod.java:105)
	at org.springframework.web.servlet.mvc.method.annotation.RequestMappingHandlerAdapter.invokeHandlerMethod(RequestMappingHandlerAdapter.java:879)
	at org.springframework.web.servlet.mvc.method.annotation.RequestMappingHandlerAdapter.handleInternal(RequestMappingHandlerAdapter.java:793)
	at org.springframework.web.servlet.mvc.method.AbstractHandlerMethodAdapter.handle(AbstractHandlerMethodAdapter.java:87)
	at org.springframework.web.servlet.DispatcherServlet.doDispatch(DispatcherServlet.java:1040)
	at org.springframework.web.servlet.DispatcherServlet.doService(DispatcherServlet.java:943)
	at org.springframework.web.servlet.FrameworkServlet.processRequest(FrameworkServlet.java:1006)
	at org.springframework.web.servlet.FrameworkServlet.doPost(FrameworkServlet.java:909)
	at javax.servlet.http.HttpServlet.service(HttpServlet.java:660)
	at org.springframework.web.servlet.FrameworkServlet.service(FrameworkServlet.java:883)
	at javax.servlet.http.HttpServlet.service(HttpServlet.java:741)
	at org.apache.catalina.core.ApplicationFilterChain.internalDoFilter(ApplicationFilterChain.java:231)
	at org.apache.catalina.core.ApplicationFilterChain.doFilter(ApplicationFilterChain.java:166)
	at org.apache.tomcat.websocket.server.WsFilter.doFilter(WsFilter.java:53)
	at org.apache.catalina.core.ApplicationFilterChain.internalDoFilter(ApplicationFilterChain.java:193)
	at org.apache.catalina.core.ApplicationFilterChain.doFilter(ApplicationFilterChain.java:166)
	at org.springframework.web.filter.RequestContextFilter.doFilterInternal(RequestContextFilter.java:100)
	at org.springframework.web.filter.OncePerRequestFilter.doFilter(OncePerRequestFilter.java:119)
	at org.apache.catalina.core.ApplicationFilterChain.internalDoFilter(ApplicationFilterChain.java:193)
	at org.apache.catalina.core.ApplicationFilterChain.doFilter(ApplicationFilterChain.java:166)
	at org.springframework.web.filter.FormContentFilter.doFilterInternal(FormContentFilter.java:93)
	at org.springframework.web.filter.OncePerRequestFilter.doFilter(OncePerRequestFilter.java:119)
	at org.apache.catalina.core.ApplicationFilterChain.internalDoFilter(ApplicationFilterChain.java:193)
	at org.apache.catalina.core.ApplicationFilterChain.doFilter(ApplicationFilterChain.java:166)
	at org.springframework.web.filter.CharacterEncodingFilter.doFilterInternal(CharacterEncodingFilter.java:201)
	at org.springframework.web.filter.OncePerRequestFilter.doFilter(OncePerRequestFilter.java:119)
	at org.apache.catalina.core.ApplicationFilterChain.internalDoFilter(ApplicationFilterChain.java:193)
	at org.apache.catalina.core.ApplicationFilterChain.doFilter(ApplicationFilterChain.java:166)
	at org.apache.catalina.core.StandardWrapperValve.invoke(StandardWrapperValve.java:202)
	at org.apache.catalina.core.StandardContextValve.invoke(StandardContextValve.java:96)
	at org.apache.catalina.authenticator.AuthenticatorBase.invoke(AuthenticatorBase.java:541)
	at org.apache.catalina.core.StandardHostValve.invoke(StandardHostValve.java:139)
	at org.apache.catalina.valves.ErrorReportValve.invoke(ErrorReportValve.java:92)
	at org.apache.catalina.core.StandardEngineValve.invoke(StandardEngineValve.java:74)
	at org.apache.catalina.connector.CoyoteAdapter.service(CoyoteAdapter.java:343)
	at org.apache.coyote.http11.Http11Processor.service(Http11Processor.java:373)
	at org.apache.coyote.AbstractProcessorLight.process(AbstractProcessorLight.java:65)
	at org.apache.coyote.AbstractProtocol$ConnectionHandler.process(AbstractProtocol.java:868)
	at org.apache.tomcat.util.net.NioEndpoint$SocketProcessor.doRun(NioEndpoint.java:1594)
	at org.apache.tomcat.util.net.SocketProcessorBase.run(SocketProcessorBase.java:49)
	at java.util.concurrent.ThreadPoolExecutor.runWorker(ThreadPoolExecutor.java:1149)
	at java.util.concurrent.ThreadPoolExecutor$Worker.run(ThreadPoolExecutor.java:624)
	at org.apache.tomcat.util.threads.TaskThread$WrappingRunnable.run(TaskThread.java:61)
	at java.lang.Thread.run(Thread.java:748)
2020-06-30 11:33:55 - Starting FlightreservationApplication on ANTON-PC with PID 10212 (D:\CODE\Learning Repository\Java\Workspace\flightreservation\target\classes started by anton in D:\CODE\Learning Repository\Java\Workspace\flightreservation)
2020-06-30 11:33:55 - No active profile set, falling back to default profiles: default
2020-06-30 11:33:58 - Bootstrapping Spring Data JPA repositories in DEFAULT mode.
2020-06-30 11:33:58 - Finished Spring Data repository scanning in 289ms. Found 4 JPA repository interfaces.
2020-06-30 11:34:04 - Tomcat initialized with port(s): 8080 (http)
2020-06-30 11:34:04 - Initializing ProtocolHandler ["http-nio-8080"]
2020-06-30 11:34:04 - Starting service [Tomcat]
2020-06-30 11:34:04 - Starting Servlet engine: [Apache Tomcat/9.0.33]
2020-06-30 11:34:05 - At least one JAR was scanned for TLDs yet contained no TLDs. Enable debug logging for this logger for a complete list of JARs that were scanned but no TLDs were found in them. Skipping unneeded JARs during scanning can improve startup time and JSP compilation time.
2020-06-30 11:34:05 - Initializing Spring embedded WebApplicationContext
2020-06-30 11:34:05 - Root WebApplicationContext: initialization completed in 10150 ms
2020-06-30 11:34:06 - HikariPool-1 - Starting...
2020-06-30 11:34:06 - HikariPool-1 - Start completed.
2020-06-30 11:34:06 - HHH000204: Processing PersistenceUnitInfo [name: default]
2020-06-30 11:34:06 - HHH000412: Hibernate ORM core version 5.4.12.Final
2020-06-30 11:34:07 - HCANN000001: Hibernate Commons Annotations {5.1.0.Final}
2020-06-30 11:34:07 - HHH000400: Using dialect: org.hibernate.dialect.MySQL55Dialect
2020-06-30 11:34:08 - HHH000490: Using JtaPlatform implementation: [org.hibernate.engine.transaction.jta.platform.internal.NoJtaPlatform]
2020-06-30 11:34:08 - Initialized JPA EntityManagerFactory for persistence unit 'default'
2020-06-30 11:34:10 - spring.jpa.open-in-view is enabled by default. Therefore, database queries may be performed during view rendering. Explicitly configure spring.jpa.open-in-view to disable this warning
2020-06-30 11:34:10 - Initializing ExecutorService 'applicationTaskExecutor'
2020-06-30 11:34:11 - Adding welcome page: ServletContext resource [/index.html]
2020-06-30 11:34:11 - Starting ProtocolHandler ["http-nio-8080"]
2020-06-30 11:34:11 - Tomcat started on port(s): 8080 (http) with context path '/flightreservation'
2020-06-30 11:34:11 - Started FlightreservationApplication in 17.562 seconds (JVM running for 19.342)
2020-06-30 11:34:16 - Initializing Spring DispatcherServlet 'dispatcherServlet'
2020-06-30 11:34:16 - Initializing Servlet 'dispatcherServlet'
2020-06-30 11:34:16 - Completed initialization in 22 ms
2020-06-30 11:34:16 - inside showCompleteReservation(flightId : 1)
2020-06-30 11:34:16 - Flight is : Flight{flightNumber='AA1', operatingAirlines='American Airlines', departureCity='AUS', arrivalCity='NYC', dateOfDeparture=2018-02-05 00:00:00.0, estimatedDepartureTime=2018-02-05 03:14:07.0}
2020-06-30 11:34:48 - inside completeReservation(request : ReservationRequest{flightId=1, passangerFirstName='Bharath', passangerMiddleName='Tipis', passangerLastName='Kering', passangerEmail='aphmaildev123@gmail.com', passangerPhone='1231312', nameOnTheCard='qdqwd', cardNumber='qwdqw', expirationDate=Wed Jan 01 00:00:00 ICT 2020, securityCode='2231'})
2020-06-30 11:34:48 - Inside bookFlight()
2020-06-30 11:34:48 - Fetching flight for flightID : 1
2020-06-30 11:34:48 - Saving passanger info : Passanger{firstName='Bharath', middleName='Tipis', lastName='Kering', email='aphmaildev123@gmail.com', phone='1231312'}
2020-06-30 11:34:49 - Saving reservation info : Reservation{checkedIn=false, numberOfBags=0, passanger=Passanger{firstName='Bharath', middleName='Tipis', lastName='Kering', email='aphmaildev123@gmail.com', phone='1231312'}, flight=Flight{flightNumber='AA1', operatingAirlines='American Airlines', departureCity='AUS', arrivalCity='NYC', dateOfDeparture=2018-02-05 00:00:00.0, estimatedDepartureTime=2018-02-05 03:14:07.0}}
2020-06-30 11:34:49 - Generating the Itinerary
2020-06-30 11:34:49 - generateItinerary()
2020-06-30 11:34:49 - Inside sendItinerary()
2020-06-30 11:34:55 - Servlet.service() for servlet [dispatcherServlet] in context with path [/flightreservation] threw exception [Request processing failed; nested exception is org.springframework.mail.MailAuthenticationException: Authentication failed; nested exception is javax.mail.AuthenticationFailedException: 535-5.7.8 Username and Password not accepted. Learn more at
535 5.7.8  https://support.google.com/mail/?p=BadCredentials 19sm1069395pfy.193 - gsmtp
] with root cause
javax.mail.AuthenticationFailedException: 535-5.7.8 Username and Password not accepted. Learn more at
535 5.7.8  https://support.google.com/mail/?p=BadCredentials 19sm1069395pfy.193 - gsmtp

	at com.sun.mail.smtp.SMTPTransport$Authenticator.authenticate(SMTPTransport.java:947)
	at com.sun.mail.smtp.SMTPTransport.authenticate(SMTPTransport.java:858)
	at com.sun.mail.smtp.SMTPTransport.protocolConnect(SMTPTransport.java:762)
	at javax.mail.Service.connect(Service.java:342)
	at org.springframework.mail.javamail.JavaMailSenderImpl.connectTransport(JavaMailSenderImpl.java:518)
	at org.springframework.mail.javamail.JavaMailSenderImpl.doSend(JavaMailSenderImpl.java:437)
	at org.springframework.mail.javamail.JavaMailSenderImpl.send(JavaMailSenderImpl.java:361)
	at org.springframework.mail.javamail.JavaMailSenderImpl.send(JavaMailSenderImpl.java:356)
	at com.antonprio.flightreservation.util.EmailUtil.sendItinerary(EmailUtil.java:39)
	at com.antonprio.flightreservation.services.ReservationServiceImpl.bookFlight(ReservationServiceImpl.java:75)
	at com.antonprio.flightreservation.controllers.ReservationController.completeReservation(ReservationController.java:45)
	at com.antonprio.flightreservation.controllers.ReservationController$$FastClassBySpringCGLIB$$796be212.invoke(<generated>)
	at org.springframework.cglib.proxy.MethodProxy.invoke(MethodProxy.java:218)
	at org.springframework.aop.framework.CglibAopProxy$CglibMethodInvocation.invokeJoinpoint(CglibAopProxy.java:771)
	at org.springframework.aop.framework.ReflectiveMethodInvocation.proceed(ReflectiveMethodInvocation.java:163)
	at org.springframework.aop.framework.CglibAopProxy$CglibMethodInvocation.proceed(CglibAopProxy.java:749)
	at org.springframework.transaction.interceptor.TransactionAspectSupport.invokeWithinTransaction(TransactionAspectSupport.java:366)
	at org.springframework.transaction.interceptor.TransactionInterceptor.invoke(TransactionInterceptor.java:118)
	at org.springframework.aop.framework.ReflectiveMethodInvocation.proceed(ReflectiveMethodInvocation.java:186)
	at org.springframework.aop.framework.CglibAopProxy$CglibMethodInvocation.proceed(CglibAopProxy.java:749)
	at org.springframework.aop.framework.CglibAopProxy$DynamicAdvisedInterceptor.intercept(CglibAopProxy.java:691)
	at com.antonprio.flightreservation.controllers.ReservationController$$EnhancerBySpringCGLIB$$79930c36.completeReservation(<generated>)
	at sun.reflect.NativeMethodAccessorImpl.invoke0(Native Method)
	at sun.reflect.NativeMethodAccessorImpl.invoke(NativeMethodAccessorImpl.java:62)
	at sun.reflect.DelegatingMethodAccessorImpl.invoke(DelegatingMethodAccessorImpl.java:43)
	at java.lang.reflect.Method.invoke(Method.java:498)
	at org.springframework.web.method.support.InvocableHandlerMethod.doInvoke(InvocableHandlerMethod.java:190)
	at org.springframework.web.method.support.InvocableHandlerMethod.invokeForRequest(InvocableHandlerMethod.java:138)
	at org.springframework.web.servlet.mvc.method.annotation.ServletInvocableHandlerMethod.invokeAndHandle(ServletInvocableHandlerMethod.java:105)
	at org.springframework.web.servlet.mvc.method.annotation.RequestMappingHandlerAdapter.invokeHandlerMethod(RequestMappingHandlerAdapter.java:879)
	at org.springframework.web.servlet.mvc.method.annotation.RequestMappingHandlerAdapter.handleInternal(RequestMappingHandlerAdapter.java:793)
	at org.springframework.web.servlet.mvc.method.AbstractHandlerMethodAdapter.handle(AbstractHandlerMethodAdapter.java:87)
	at org.springframework.web.servlet.DispatcherServlet.doDispatch(DispatcherServlet.java:1040)
	at org.springframework.web.servlet.DispatcherServlet.doService(DispatcherServlet.java:943)
	at org.springframework.web.servlet.FrameworkServlet.processRequest(FrameworkServlet.java:1006)
	at org.springframework.web.servlet.FrameworkServlet.doPost(FrameworkServlet.java:909)
	at javax.servlet.http.HttpServlet.service(HttpServlet.java:660)
	at org.springframework.web.servlet.FrameworkServlet.service(FrameworkServlet.java:883)
	at javax.servlet.http.HttpServlet.service(HttpServlet.java:741)
	at org.apache.catalina.core.ApplicationFilterChain.internalDoFilter(ApplicationFilterChain.java:231)
	at org.apache.catalina.core.ApplicationFilterChain.doFilter(ApplicationFilterChain.java:166)
	at org.apache.tomcat.websocket.server.WsFilter.doFilter(WsFilter.java:53)
	at org.apache.catalina.core.ApplicationFilterChain.internalDoFilter(ApplicationFilterChain.java:193)
	at org.apache.catalina.core.ApplicationFilterChain.doFilter(ApplicationFilterChain.java:166)
	at org.springframework.web.filter.RequestContextFilter.doFilterInternal(RequestContextFilter.java:100)
	at org.springframework.web.filter.OncePerRequestFilter.doFilter(OncePerRequestFilter.java:119)
	at org.apache.catalina.core.ApplicationFilterChain.internalDoFilter(ApplicationFilterChain.java:193)
	at org.apache.catalina.core.ApplicationFilterChain.doFilter(ApplicationFilterChain.java:166)
	at org.springframework.web.filter.FormContentFilter.doFilterInternal(FormContentFilter.java:93)
	at org.springframework.web.filter.OncePerRequestFilter.doFilter(OncePerRequestFilter.java:119)
	at org.apache.catalina.core.ApplicationFilterChain.internalDoFilter(ApplicationFilterChain.java:193)
	at org.apache.catalina.core.ApplicationFilterChain.doFilter(ApplicationFilterChain.java:166)
	at org.springframework.web.filter.CharacterEncodingFilter.doFilterInternal(CharacterEncodingFilter.java:201)
	at org.springframework.web.filter.OncePerRequestFilter.doFilter(OncePerRequestFilter.java:119)
	at org.apache.catalina.core.ApplicationFilterChain.internalDoFilter(ApplicationFilterChain.java:193)
	at org.apache.catalina.core.ApplicationFilterChain.doFilter(ApplicationFilterChain.java:166)
	at org.apache.catalina.core.StandardWrapperValve.invoke(StandardWrapperValve.java:202)
	at org.apache.catalina.core.StandardContextValve.invoke(StandardContextValve.java:96)
	at org.apache.catalina.authenticator.AuthenticatorBase.invoke(AuthenticatorBase.java:541)
	at org.apache.catalina.core.StandardHostValve.invoke(StandardHostValve.java:139)
	at org.apache.catalina.valves.ErrorReportValve.invoke(ErrorReportValve.java:92)
	at org.apache.catalina.core.StandardEngineValve.invoke(StandardEngineValve.java:74)
	at org.apache.catalina.connector.CoyoteAdapter.service(CoyoteAdapter.java:343)
	at org.apache.coyote.http11.Http11Processor.service(Http11Processor.java:373)
	at org.apache.coyote.AbstractProcessorLight.process(AbstractProcessorLight.java:65)
	at org.apache.coyote.AbstractProtocol$ConnectionHandler.process(AbstractProtocol.java:868)
	at org.apache.tomcat.util.net.NioEndpoint$SocketProcessor.doRun(NioEndpoint.java:1594)
	at org.apache.tomcat.util.net.SocketProcessorBase.run(SocketProcessorBase.java:49)
	at java.util.concurrent.ThreadPoolExecutor.runWorker(ThreadPoolExecutor.java:1149)
	at java.util.concurrent.ThreadPoolExecutor$Worker.run(ThreadPoolExecutor.java:624)
	at org.apache.tomcat.util.threads.TaskThread$WrappingRunnable.run(TaskThread.java:61)
	at java.lang.Thread.run(Thread.java:748)
2020-06-30 11:36:11 - inside completeReservation(request : ReservationRequest{flightId=1, passangerFirstName='Bharath', passangerMiddleName='Tipis', passangerLastName='Kering', passangerEmail='aphmaildev123@gmail.com', passangerPhone='1231312', nameOnTheCard='qdqwd', cardNumber='qwdqw', expirationDate=Wed Jan 01 00:00:00 ICT 2020, securityCode='2231'})
2020-06-30 11:36:11 - Inside bookFlight()
2020-06-30 11:36:11 - Fetching flight for flightID : 1
2020-06-30 11:36:11 - Saving passanger info : Passanger{firstName='Bharath', middleName='Tipis', lastName='Kering', email='aphmaildev123@gmail.com', phone='1231312'}
2020-06-30 11:36:11 - Saving reservation info : Reservation{checkedIn=false, numberOfBags=0, passanger=Passanger{firstName='Bharath', middleName='Tipis', lastName='Kering', email='aphmaildev123@gmail.com', phone='1231312'}, flight=Flight{flightNumber='AA1', operatingAirlines='American Airlines', departureCity='AUS', arrivalCity='NYC', dateOfDeparture=2018-02-05 00:00:00.0, estimatedDepartureTime=2018-02-05 03:14:07.0}}
2020-06-30 11:36:11 - Generating the Itinerary
2020-06-30 11:36:11 - generateItinerary()
2020-06-30 11:36:11 - Inside sendItinerary()
